0 info it worked if it ends with ok
1 verbose cli [ 'node', '/usr/local/bin/npm', 'install', '-g', 'mono' ]
2 info using npm@2.5.1
3 info using node@v0.12.0
4 verbose node symlink /usr/local/bin/node
5 silly cache add args [ 'mono', null ]
6 verbose cache add spec mono
7 silly cache add parsed spec { raw: 'mono',
7 silly cache add   scope: null,
7 silly cache add   name: 'mono',
7 silly cache add   rawSpec: '',
7 silly cache add   spec: '*',
7 silly cache add   type: 'range' }
8 verbose addNamed mono@*
9 silly addNamed semver.valid null
10 silly addNamed semver.validRange *
11 silly addNameRange { name: 'mono', range: '*', hasData: false }
12 silly mapToRegistry name mono
13 silly mapToRegistry using default registry
14 silly mapToRegistry registry https://registry.npmjs.org/
15 silly mapToRegistry uri https://registry.npmjs.org/mono
16 verbose addNameRange registry:https://registry.npmjs.org/mono not in flight; fetching
17 verbose request uri https://registry.npmjs.org/mono
18 verbose request no auth needed
19 info attempt registry request try #1 at 11:08:30
20 verbose request id 002835a83607a8c0
21 verbose etag "ASHS5CGXRY3PEOF2V4OXTXQMI"
22 http request GET https://registry.npmjs.org/mono
23 http 304 https://registry.npmjs.org/mono
24 silly get cb [ 304,
24 silly get   { date: 'Sun, 10 May 2015 10:08:30 GMT',
24 silly get     via: '1.1 varnish',
24 silly get     'cache-control': 'max-age=60',
24 silly get     etag: '"ASHS5CGXRY3PEOF2V4OXTXQMI"',
24 silly get     age: '12',
24 silly get     connection: 'keep-alive',
24 silly get     'x-served-by': 'cache-ams4128-AMS',
24 silly get     'x-cache': 'HIT',
24 silly get     'x-cache-hits': '1',
24 silly get     'x-timer': 'S1431252510.529221,VS0,VE0',
24 silly get     vary: 'Accept' } ]
25 verbose etag https://registry.npmjs.org/mono from cache
26 verbose get saving mono to /Users/Rory/.npm/registry.npmjs.org/mono/.cache.json
27 silly addNameRange number 2 { name: 'mono', range: '*', hasData: true }
28 silly addNameRange versions [ 'mono',
28 silly addNameRange   [ '0.1.0',
28 silly addNameRange     '0.1.1',
28 silly addNameRange     '1.0.1',
28 silly addNameRange     '1.0.2',
28 silly addNameRange     '1.0.3',
28 silly addNameRange     '1.0.4',
28 silly addNameRange     '1.0.7',
28 silly addNameRange     '1.1.0',
28 silly addNameRange     '1.3.0',
28 silly addNameRange     '1.3.1',
28 silly addNameRange     '1.3.2',
28 silly addNameRange     '1.3.3',
28 silly addNameRange     '1.3.4',
28 silly addNameRange     '1.3.5',
28 silly addNameRange     '1.3.6',
28 silly addNameRange     '1.3.7',
28 silly addNameRange     '1.3.8',
28 silly addNameRange     '1.3.9',
28 silly addNameRange     '1.3.10',
28 silly addNameRange     '1.3.11' ] ]
29 verbose addNamed mono@1.3.11
30 silly addNamed semver.valid 1.3.11
31 silly addNamed semver.validRange 1.3.11
32 silly cache afterAdd mono@1.3.11
33 verbose afterAdd /Users/Rory/.npm/mono/1.3.11/package/package.json not in flight; writing
34 verbose afterAdd /Users/Rory/.npm/mono/1.3.11/package/package.json written
35 silly install resolved [ { name: 'mono',
35 silly install resolved     main: './monojs',
35 silly install resolved     version: '1.3.11',
35 silly install resolved     homepage: 'http://monojs.org',
35 silly install resolved     dependencies:
35 silly install resolved      { 'coffee-script': '1.8.x',
35 silly install resolved        optimist: '0.3.x',
35 silly install resolved        mongodb: '1.4.x',
35 silly install resolved        eco: '1.1.x',
35 silly install resolved        'cookie-sessions': '0.0.2',
35 silly install resolved        chai: '1.3.x',
35 silly install resolved        natural: '0.1.x',
35 silly install resolved        'node.extend': '1.0.x',
35 silly install resolved        underscore: '1.7.x',
35 silly install resolved        'underscore.string': '3.0.x',
35 silly install resolved        express: '3.4.0',
35 silly install resolved        'hogan.js': '2.0.0',
35 silly install resolved        micon: '1.x.x',
35 silly install resolved        synchronize: '0.9.x',
35 silly install resolved        micromodel: '2.2.x' },
35 silly install resolved     devDependencies: { mocha: '2.1.x' },
35 silly install resolved     description: 'Web Framework, Ruby on Rails clone',
35 silly install resolved     author: { name: 'Sinizina Irina' },
35 silly install resolved     license: 'MIT',
35 silly install resolved     gitHead: '97b9c698699dbb7b9a279779889b77b68aadb844',
35 silly install resolved     _id: 'mono@1.3.11',
35 silly install resolved     scripts: {},
35 silly install resolved     _shasum: '75210362f99d196c2f19c632a573abafaf1590f6',
35 silly install resolved     _from: 'mono@*',
35 silly install resolved     _npmVersion: '1.4.28',
35 silly install resolved     _npmUser:
35 silly install resolved      { name: 'alexey.petrushin',
35 silly install resolved        email: 'alexey.petrushin@gmail.com' },
35 silly install resolved     maintainers: [ [Object] ],
35 silly install resolved     dist:
35 silly install resolved      { shasum: '75210362f99d196c2f19c632a573abafaf1590f6',
35 silly install resolved        tarball: 'http://registry.npmjs.org/mono/-/mono-1.3.11.tgz' },
35 silly install resolved     directories: {},
35 silly install resolved     _resolved: 'https://registry.npmjs.org/mono/-/mono-1.3.11.tgz',
35 silly install resolved     readme: 'ERROR: No README data found!' } ]
36 info install mono@1.3.11 into /usr/local/lib
37 info installOne mono@1.3.11
38 verbose installOne of mono to /usr/local/lib not in flight; installing
39 verbose lock using /Users/Rory/.npm/_locks/mono-f80bdc9580702759.lock for /usr/local/lib/node_modules/mono
40 silly install write writing mono 1.3.11 to /usr/local/lib/node_modules/mono
41 silly cache addNamed cb mono@1.3.11
42 verbose unbuild lib/node_modules/mono
43 verbose gentlyRm vacuuming /usr/local/lib/node_modules/mono
44 verbose tar unpack /Users/Rory/.npm/mono/1.3.11/package.tgz
45 verbose tar unpacking to /usr/local/lib/node_modules/mono
46 verbose gentlyRm vacuuming /usr/local/lib/node_modules/mono
47 silly gunzTarPerm modes [ '755', '644' ]
48 silly gunzTarPerm extractEntry package.json
49 silly gunzTarPerm extractEntry .npmignore
50 silly gunzTarPerm extractEntry monojs.js
51 silly gunzTarPerm extractEntry fs2.js
52 silly gunzTarPerm extractEntry components/Http.coffee
53 silly gunzTarPerm extractEntry components/HttpController.coffee
54 silly gunzTarPerm extractEntry components/Router.coffee
55 silly gunzTarPerm extractEntry components/helpers/basic.js
56 silly gunzTarPerm extractEntry components/helpers.coffee
57 silly gunzTarPerm extractEntry components/inMemoryCache.coffee
58 silly gunzTarPerm extractEntry components/render.coffee
59 silly gunzTarPerm extractEntry docs/images/blog.png
60 silly gunzTarPerm extractEntry docs/images/simple-blog.png
61 silly gunzTarPerm extractEntry docs/index.html
62 silly gunzTarPerm extractEntry docs/styles/compile
63 silly gunzTarPerm extractEntry docs/styles/compile-and-watch
64 silly gunzTarPerm extractEntry docs/styles/style.css
65 silly gunzTarPerm extractEntry docs/styles/style.less
66 silly gunzTarPerm extractEntry docs/styles/vendor/normalize-2.1.3.less
67 silly gunzTarPerm extractEntry exec.coffee
68 silly gunzTarPerm extractEntry lib/express/flash.js
69 silly gunzTarPerm extractEntry lib/express/nowww.coffee
70 silly gunzTarPerm extractEntry lib/test/factory.coffee
71 silly gunzTarPerm extractEntry lib/test/helper.coffee
72 silly gunzTarPerm extractEntry lib/test/http.coffee
73 silly gunzTarPerm extractEntry mono/actor.coffee
74 silly gunzTarPerm extractEntry mono/command.coffee
75 silly gunzTarPerm extractEntry mono/configure.coffee
76 silly gunzTarPerm extractEntry mono/http.coffee
77 silly gunzTarPerm extractEntry mono.coffee
78 silly gunzTarPerm extractEntry bin/mono
79 silly gunzTarPerm extractEntry underscore.coffee
80 silly gunzTarPerm extractEntry child_process2.coffee
81 silly gunzTarPerm extractEntry readme.md
82 silly gunzTarPerm extractEntry streams.coffee
83 silly gunzTarPerm extractEntry support/coffee-script-template.coffee
84 silly gunzTarPerm extractEntry support/mongodb.coffee
85 silly gunzTarPerm extractEntry support.coffee
86 silly gunzTarPerm extractEntry test/fs2.js
87 silly gunzTarPerm extractEntry test/components/router.coffee
88 silly gunzTarPerm extractEntry test/helper.coffee
89 silly gunzTarPerm extractEntry test/mocha.opts
90 silly gunzTarPerm extractEntry test/streams.coffee
91 silly gunzTarPerm extractEntry test/support/coffee-script-template.coffee
92 silly gunzTarPerm extractEntry test/support/underscore.coffee
93 silly gunzTarPerm extractEntry todo.md
94 silly gunzTarPerm extractEntry underscore.string.coffee
95 info preinstall mono@1.3.11
96 silly prepareForInstallMany adding coffee-script@1.8.x from mono dependencies
97 silly prepareForInstallMany adding optimist@0.3.x from mono dependencies
98 silly prepareForInstallMany adding mongodb@1.4.x from mono dependencies
99 silly prepareForInstallMany adding eco@1.1.x from mono dependencies
100 silly prepareForInstallMany adding cookie-sessions@0.0.2 from mono dependencies
101 silly prepareForInstallMany adding chai@1.3.x from mono dependencies
102 silly prepareForInstallMany adding natural@0.1.x from mono dependencies
103 silly prepareForInstallMany adding node.extend@1.0.x from mono dependencies
104 silly prepareForInstallMany adding underscore@1.7.x from mono dependencies
105 silly prepareForInstallMany adding underscore.string@3.0.x from mono dependencies
106 silly prepareForInstallMany adding express@3.4.0 from mono dependencies
107 silly prepareForInstallMany adding hogan.js@2.0.0 from mono dependencies
108 silly prepareForInstallMany adding micon@1.x.x from mono dependencies
109 silly prepareForInstallMany adding synchronize@0.9.x from mono dependencies
110 silly prepareForInstallMany adding micromodel@2.2.x from mono dependencies
111 silly cache add args [ 'coffee-script@1.8.x', null ]
112 verbose cache add spec coffee-script@1.8.x
113 silly cache add args [ 'optimist@0.3.x', null ]
114 verbose cache add spec optimist@0.3.x
115 silly cache add parsed spec { raw: 'coffee-script@1.8.x',
115 silly cache add   scope: null,
115 silly cache add   name: 'coffee-script',
115 silly cache add   rawSpec: '1.8.x',
115 silly cache add   spec: '>=1.8.0 <1.9.0',
115 silly cache add   type: 'range' }
116 verbose addNamed coffee-script@>=1.8.0 <1.9.0
117 silly addNamed semver.valid null
118 silly addNamed semver.validRange >=1.8.0 <1.9.0
119 silly addNameRange { name: 'coffee-script',
119 silly addNameRange   range: '>=1.8.0 <1.9.0',
119 silly addNameRange   hasData: false }
120 silly mapToRegistry name coffee-script
121 silly mapToRegistry using default registry
122 silly mapToRegistry registry https://registry.npmjs.org/
123 silly mapToRegistry uri https://registry.npmjs.org/coffee-script
124 verbose addNameRange registry:https://registry.npmjs.org/coffee-script not in flight; fetching
125 silly cache add parsed spec { raw: 'optimist@0.3.x',
125 silly cache add   scope: null,
125 silly cache add   name: 'optimist',
125 silly cache add   rawSpec: '0.3.x',
125 silly cache add   spec: '>=0.3.0 <0.4.0',
125 silly cache add   type: 'range' }
126 verbose addNamed optimist@>=0.3.0 <0.4.0
127 silly addNamed semver.valid null
128 silly addNamed semver.validRange >=0.3.0 <0.4.0
129 silly addNameRange { name: 'optimist', range: '>=0.3.0 <0.4.0', hasData: false }
130 silly mapToRegistry name optimist
131 silly mapToRegistry using default registry
132 silly mapToRegistry registry https://registry.npmjs.org/
133 silly mapToRegistry uri https://registry.npmjs.org/optimist
134 verbose addNameRange registry:https://registry.npmjs.org/optimist not in flight; fetching
135 silly cache add args [ 'mongodb@1.4.x', null ]
136 verbose cache add spec mongodb@1.4.x
137 silly cache add parsed spec { raw: 'mongodb@1.4.x',
137 silly cache add   scope: null,
137 silly cache add   name: 'mongodb',
137 silly cache add   rawSpec: '1.4.x',
137 silly cache add   spec: '>=1.4.0 <1.5.0',
137 silly cache add   type: 'range' }
138 verbose addNamed mongodb@>=1.4.0 <1.5.0
139 silly addNamed semver.valid null
140 silly addNamed semver.validRange >=1.4.0 <1.5.0
141 silly addNameRange { name: 'mongodb', range: '>=1.4.0 <1.5.0', hasData: false }
142 silly mapToRegistry name mongodb
143 silly mapToRegistry using default registry
144 silly mapToRegistry registry https://registry.npmjs.org/
145 silly mapToRegistry uri https://registry.npmjs.org/mongodb
146 verbose addNameRange registry:https://registry.npmjs.org/mongodb not in flight; fetching
147 silly cache add args [ 'eco@1.1.x', null ]
148 verbose cache add spec eco@1.1.x
149 silly cache add parsed spec { raw: 'eco@1.1.x',
149 silly cache add   scope: null,
149 silly cache add   name: 'eco',
149 silly cache add   rawSpec: '1.1.x',
149 silly cache add   spec: '>=1.1.0 <1.2.0',
149 silly cache add   type: 'range' }
150 verbose addNamed eco@>=1.1.0 <1.2.0
151 silly addNamed semver.valid null
152 silly addNamed semver.validRange >=1.1.0 <1.2.0
153 silly addNameRange { name: 'eco', range: '>=1.1.0 <1.2.0', hasData: false }
154 silly mapToRegistry name eco
155 silly mapToRegistry using default registry
156 silly mapToRegistry registry https://registry.npmjs.org/
157 silly mapToRegistry uri https://registry.npmjs.org/eco
158 verbose addNameRange registry:https://registry.npmjs.org/eco not in flight; fetching
159 silly cache add args [ 'cookie-sessions@0.0.2', null ]
160 verbose cache add spec cookie-sessions@0.0.2
161 silly cache add parsed spec { raw: 'cookie-sessions@0.0.2',
161 silly cache add   scope: null,
161 silly cache add   name: 'cookie-sessions',
161 silly cache add   rawSpec: '0.0.2',
161 silly cache add   spec: '0.0.2',
161 silly cache add   type: 'version' }
162 verbose addNamed cookie-sessions@0.0.2
163 silly addNamed semver.valid 0.0.2
164 silly addNamed semver.validRange 0.0.2
165 silly mapToRegistry name cookie-sessions
166 silly mapToRegistry using default registry
167 silly mapToRegistry registry https://registry.npmjs.org/
168 silly mapToRegistry uri https://registry.npmjs.org/cookie-sessions
169 verbose addNameVersion registry:https://registry.npmjs.org/cookie-sessions not in flight; fetching
170 silly cache add args [ 'chai@1.3.x', null ]
171 verbose cache add spec chai@1.3.x
172 silly cache add parsed spec { raw: 'chai@1.3.x',
172 silly cache add   scope: null,
172 silly cache add   name: 'chai',
172 silly cache add   rawSpec: '1.3.x',
172 silly cache add   spec: '>=1.3.0 <1.4.0',
172 silly cache add   type: 'range' }
173 verbose addNamed chai@>=1.3.0 <1.4.0
174 silly addNamed semver.valid null
175 silly addNamed semver.validRange >=1.3.0 <1.4.0
176 silly addNameRange { name: 'chai', range: '>=1.3.0 <1.4.0', hasData: false }
177 silly mapToRegistry name chai
178 silly mapToRegistry using default registry
179 silly mapToRegistry registry https://registry.npmjs.org/
180 silly mapToRegistry uri https://registry.npmjs.org/chai
181 verbose addNameRange registry:https://registry.npmjs.org/chai not in flight; fetching
182 silly cache add args [ 'natural@0.1.x', null ]
183 verbose cache add spec natural@0.1.x
184 silly cache add parsed spec { raw: 'natural@0.1.x',
184 silly cache add   scope: null,
184 silly cache add   name: 'natural',
184 silly cache add   rawSpec: '0.1.x',
184 silly cache add   spec: '>=0.1.0 <0.2.0',
184 silly cache add   type: 'range' }
185 verbose addNamed natural@>=0.1.0 <0.2.0
186 silly addNamed semver.valid null
187 silly addNamed semver.validRange >=0.1.0 <0.2.0
188 silly addNameRange { name: 'natural', range: '>=0.1.0 <0.2.0', hasData: false }
189 silly mapToRegistry name natural
190 silly mapToRegistry using default registry
191 silly mapToRegistry registry https://registry.npmjs.org/
192 silly mapToRegistry uri https://registry.npmjs.org/natural
193 verbose addNameRange registry:https://registry.npmjs.org/natural not in flight; fetching
194 silly cache add args [ 'node.extend@1.0.x', null ]
195 verbose cache add spec node.extend@1.0.x
196 silly cache add parsed spec { raw: 'node.extend@1.0.x',
196 silly cache add   scope: null,
196 silly cache add   name: 'node.extend',
196 silly cache add   rawSpec: '1.0.x',
196 silly cache add   spec: '>=1.0.0 <1.1.0',
196 silly cache add   type: 'range' }
197 verbose addNamed node.extend@>=1.0.0 <1.1.0
198 silly addNamed semver.valid null
199 silly addNamed semver.validRange >=1.0.0 <1.1.0
200 silly addNameRange { name: 'node.extend', range: '>=1.0.0 <1.1.0', hasData: false }
201 silly mapToRegistry name node.extend
202 silly mapToRegistry using default registry
203 silly mapToRegistry registry https://registry.npmjs.org/
204 silly mapToRegistry uri https://registry.npmjs.org/node.extend
205 verbose addNameRange registry:https://registry.npmjs.org/node.extend not in flight; fetching
206 silly cache add args [ 'underscore@1.7.x', null ]
207 verbose cache add spec underscore@1.7.x
208 silly cache add parsed spec { raw: 'underscore@1.7.x',
208 silly cache add   scope: null,
208 silly cache add   name: 'underscore',
208 silly cache add   rawSpec: '1.7.x',
208 silly cache add   spec: '>=1.7.0 <1.8.0',
208 silly cache add   type: 'range' }
209 verbose addNamed underscore@>=1.7.0 <1.8.0
210 silly addNamed semver.valid null
211 silly addNamed semver.validRange >=1.7.0 <1.8.0
212 silly addNameRange { name: 'underscore', range: '>=1.7.0 <1.8.0', hasData: false }
213 silly mapToRegistry name underscore
214 silly mapToRegistry using default registry
215 silly mapToRegistry registry https://registry.npmjs.org/
216 silly mapToRegistry uri https://registry.npmjs.org/underscore
217 verbose addNameRange registry:https://registry.npmjs.org/underscore not in flight; fetching
218 silly cache add args [ 'underscore.string@3.0.x', null ]
219 verbose cache add spec underscore.string@3.0.x
220 silly cache add parsed spec { raw: 'underscore.string@3.0.x',
220 silly cache add   scope: null,
220 silly cache add   name: 'underscore.string',
220 silly cache add   rawSpec: '3.0.x',
220 silly cache add   spec: '>=3.0.0 <3.1.0',
220 silly cache add   type: 'range' }
221 verbose addNamed underscore.string@>=3.0.0 <3.1.0
222 silly addNamed semver.valid null
223 silly addNamed semver.validRange >=3.0.0 <3.1.0
224 silly addNameRange { name: 'underscore.string',
224 silly addNameRange   range: '>=3.0.0 <3.1.0',
224 silly addNameRange   hasData: false }
225 silly mapToRegistry name underscore.string
226 silly mapToRegistry using default registry
227 silly mapToRegistry registry https://registry.npmjs.org/
228 silly mapToRegistry uri https://registry.npmjs.org/underscore.string
229 verbose addNameRange registry:https://registry.npmjs.org/underscore.string not in flight; fetching
230 silly cache add args [ 'express@3.4.0', null ]
231 verbose cache add spec express@3.4.0
232 silly cache add parsed spec { raw: 'express@3.4.0',
232 silly cache add   scope: null,
232 silly cache add   name: 'express',
232 silly cache add   rawSpec: '3.4.0',
232 silly cache add   spec: '3.4.0',
232 silly cache add   type: 'version' }
233 verbose addNamed express@3.4.0
234 silly addNamed semver.valid 3.4.0
235 silly addNamed semver.validRange 3.4.0
236 silly mapToRegistry name express
237 silly mapToRegistry using default registry
238 silly mapToRegistry registry https://registry.npmjs.org/
239 silly mapToRegistry uri https://registry.npmjs.org/express
240 verbose addNameVersion registry:https://registry.npmjs.org/express not in flight; fetching
241 silly cache add args [ 'hogan.js@2.0.0', null ]
242 verbose cache add spec hogan.js@2.0.0
243 silly cache add parsed spec { raw: 'hogan.js@2.0.0',
243 silly cache add   scope: null,
243 silly cache add   name: 'hogan.js',
243 silly cache add   rawSpec: '2.0.0',
243 silly cache add   spec: '2.0.0',
243 silly cache add   type: 'version' }
244 verbose addNamed hogan.js@2.0.0
245 silly addNamed semver.valid 2.0.0
246 silly addNamed semver.validRange 2.0.0
247 silly mapToRegistry name hogan.js
248 silly mapToRegistry using default registry
249 silly mapToRegistry registry https://registry.npmjs.org/
250 silly mapToRegistry uri https://registry.npmjs.org/hogan.js
251 verbose addNameVersion registry:https://registry.npmjs.org/hogan.js not in flight; fetching
252 silly cache add args [ 'micon@1.x.x', null ]
253 verbose cache add spec micon@1.x.x
254 silly cache add parsed spec { raw: 'micon@1.x.x',
254 silly cache add   scope: null,
254 silly cache add   name: 'micon',
254 silly cache add   rawSpec: '1.x.x',
254 silly cache add   spec: '>=1.0.0 <2.0.0',
254 silly cache add   type: 'range' }
255 verbose addNamed micon@>=1.0.0 <2.0.0
256 silly addNamed semver.valid null
257 silly addNamed semver.validRange >=1.0.0 <2.0.0
258 silly addNameRange { name: 'micon', range: '>=1.0.0 <2.0.0', hasData: false }
259 silly mapToRegistry name micon
260 silly mapToRegistry using default registry
261 silly mapToRegistry registry https://registry.npmjs.org/
262 silly mapToRegistry uri https://registry.npmjs.org/micon
263 verbose addNameRange registry:https://registry.npmjs.org/micon not in flight; fetching
264 silly cache add args [ 'synchronize@0.9.x', null ]
265 verbose cache add spec synchronize@0.9.x
266 silly cache add parsed spec { raw: 'synchronize@0.9.x',
266 silly cache add   scope: null,
266 silly cache add   name: 'synchronize',
266 silly cache add   rawSpec: '0.9.x',
266 silly cache add   spec: '>=0.9.0 <0.10.0',
266 silly cache add   type: 'range' }
267 verbose addNamed synchronize@>=0.9.0 <0.10.0
268 silly addNamed semver.valid null
269 silly addNamed semver.validRange >=0.9.0 <0.10.0
270 silly addNameRange { name: 'synchronize', range: '>=0.9.0 <0.10.0', hasData: false }
271 silly mapToRegistry name synchronize
272 silly mapToRegistry using default registry
273 silly mapToRegistry registry https://registry.npmjs.org/
274 silly mapToRegistry uri https://registry.npmjs.org/synchronize
275 verbose addNameRange registry:https://registry.npmjs.org/synchronize not in flight; fetching
276 silly cache add args [ 'micromodel@2.2.x', null ]
277 verbose cache add spec micromodel@2.2.x
278 silly cache add parsed spec { raw: 'micromodel@2.2.x',
278 silly cache add   scope: null,
278 silly cache add   name: 'micromodel',
278 silly cache add   rawSpec: '2.2.x',
278 silly cache add   spec: '>=2.2.0 <2.3.0',
278 silly cache add   type: 'range' }
279 verbose addNamed micromodel@>=2.2.0 <2.3.0
280 silly addNamed semver.valid null
281 silly addNamed semver.validRange >=2.2.0 <2.3.0
282 silly addNameRange { name: 'micromodel', range: '>=2.2.0 <2.3.0', hasData: false }
283 silly mapToRegistry name micromodel
284 silly mapToRegistry using default registry
285 silly mapToRegistry registry https://registry.npmjs.org/
286 silly mapToRegistry uri https://registry.npmjs.org/micromodel
287 verbose addNameRange registry:https://registry.npmjs.org/micromodel not in flight; fetching
288 verbose request uri https://registry.npmjs.org/coffee-script
289 verbose request no auth needed
290 info attempt registry request try #1 at 11:08:30
291 verbose etag "862P7SY7I3WSWG6A1EARDTI5L"
292 http request GET https://registry.npmjs.org/coffee-script
293 verbose request uri https://registry.npmjs.org/eco
294 verbose request no auth needed
295 info attempt registry request try #1 at 11:08:30
296 verbose etag "3NXR7OMGMZ6ZXOSB3BZ54GR2T"
297 http request GET https://registry.npmjs.org/eco
298 verbose request uri https://registry.npmjs.org/optimist
299 verbose request no auth needed
300 info attempt registry request try #1 at 11:08:30
301 verbose etag "2063HZFLM126ZA9QQZY54Z4OC"
302 http request GET https://registry.npmjs.org/optimist
303 verbose request uri https://registry.npmjs.org/cookie-sessions
304 verbose request no auth needed
305 info attempt registry request try #1 at 11:08:30
306 verbose etag "A12K9S252W23DEH0M1VUM797T"
307 http request GET https://registry.npmjs.org/cookie-sessions
308 verbose request uri https://registry.npmjs.org/chai
309 verbose request no auth needed
310 info attempt registry request try #1 at 11:08:30
311 verbose etag "5ZKEFYM6HR7EAL8PF5VR5LCYA"
312 http request GET https://registry.npmjs.org/chai
313 verbose request uri https://registry.npmjs.org/natural
314 verbose request no auth needed
315 info attempt registry request try #1 at 11:08:30
316 verbose etag "DP295LKV64EUOMZB61LVGAAYD"
317 http request GET https://registry.npmjs.org/natural
318 verbose request uri https://registry.npmjs.org/node.extend
319 verbose request no auth needed
320 info attempt registry request try #1 at 11:08:30
321 verbose etag "BPB11FTY2L0WO31XN9TZ358W5"
322 http request GET https://registry.npmjs.org/node.extend
323 verbose request uri https://registry.npmjs.org/mongodb
324 verbose request no auth needed
325 info attempt registry request try #1 at 11:08:30
326 verbose etag "BE4KHOMZNR6KBQVS0F0NXEWO1"
327 http request GET https://registry.npmjs.org/mongodb
328 verbose request uri https://registry.npmjs.org/underscore
329 verbose request no auth needed
330 info attempt registry request try #1 at 11:08:30
331 verbose etag "8SXMDGGWIHHGAS6XTKZQDB565"
332 http request GET https://registry.npmjs.org/underscore
333 verbose request uri https://registry.npmjs.org/underscore.string
334 verbose request no auth needed
335 info attempt registry request try #1 at 11:08:30
336 verbose etag "EUR2XPGZX64EHU0KFCNIFQUCI"
337 http request GET https://registry.npmjs.org/underscore.string
338 verbose request uri https://registry.npmjs.org/hogan.js
339 verbose request no auth needed
340 info attempt registry request try #1 at 11:08:30
341 verbose etag "XXKFBQZSA1DDAK837JLPNRK8"
342 http request GET https://registry.npmjs.org/hogan.js
343 verbose request uri https://registry.npmjs.org/micon
344 verbose request no auth needed
345 info attempt registry request try #1 at 11:08:30
346 verbose etag "5GIK9U88MGK6NZH5JE3Q13LM1"
347 http request GET https://registry.npmjs.org/micon
348 verbose request uri https://registry.npmjs.org/synchronize
349 verbose request no auth needed
350 info attempt registry request try #1 at 11:08:30
351 verbose etag "15DFJ5XWSHZ2383HXH3QYE2LB"
352 http request GET https://registry.npmjs.org/synchronize
353 verbose request uri https://registry.npmjs.org/micromodel
354 verbose request no auth needed
355 info attempt registry request try #1 at 11:08:30
356 verbose etag "4HPNX4PI2CVN8OGKYSYCU8JVE"
357 http request GET https://registry.npmjs.org/micromodel
358 verbose request uri https://registry.npmjs.org/express
359 verbose request no auth needed
360 info attempt registry request try #1 at 11:08:30
361 verbose etag "8DSP5M0PY0JCUE1VSPFFP4PDG"
362 http request GET https://registry.npmjs.org/express
363 http 304 https://registry.npmjs.org/coffee-script
364 silly get cb [ 304,
364 silly get   { date: 'Sun, 10 May 2015 10:08:30 GMT',
364 silly get     via: '1.1 varnish',
364 silly get     'cache-control': 'max-age=60',
364 silly get     etag: '"862P7SY7I3WSWG6A1EARDTI5L"',
364 silly get     age: '11',
364 silly get     connection: 'keep-alive',
364 silly get     'x-served-by': 'cache-ams4128-AMS',
364 silly get     'x-cache': 'HIT',
364 silly get     'x-cache-hits': '1',
364 silly get     'x-timer': 'S1431252510.891647,VS0,VE0',
364 silly get     vary: 'Accept' } ]
365 verbose etag https://registry.npmjs.org/coffee-script from cache
366 verbose get saving coffee-script to /Users/Rory/.npm/registry.npmjs.org/coffee-script/.cache.json
367 silly addNameRange number 2 { name: 'coffee-script', range: '>=1.8.0 <1.9.0', hasData: true }
368 silly addNameRange versions [ 'coffee-script',
368 silly addNameRange   [ '0.7.0',
368 silly addNameRange     '0.7.1',
368 silly addNameRange     '0.7.2',
368 silly addNameRange     '0.9.0',
368 silly addNameRange     '0.9.1',
368 silly addNameRange     '0.9.2',
368 silly addNameRange     '0.9.3',
368 silly addNameRange     '0.9.4',
368 silly addNameRange     '0.9.5',
368 silly addNameRange     '0.9.6',
368 silly addNameRange     '1.0.0',
368 silly addNameRange     '1.0.1',
368 silly addNameRange     '1.1.0',
368 silly addNameRange     '1.1.1',
368 silly addNameRange     '1.1.2',
368 silly addNameRange     '1.1.3',
368 silly addNameRange     '1.2.0',
368 silly addNameRange     '1.3.0',
368 silly addNameRange     '1.3.1',
368 silly addNameRange     '1.3.2',
368 silly addNameRange     '1.3.3',
368 silly addNameRange     '1.4.0',
368 silly addNameRange     '1.5.0',
368 silly addNameRange     '1.6.0',
368 silly addNameRange     '1.6.1',
368 silly addNameRange     '1.6.2',
368 silly addNameRange     '1.6.3',
368 silly addNameRange     '1.7.0',
368 silly addNameRange     '1.7.1',
368 silly addNameRange     '1.8.0',
368 silly addNameRange     '1.9.0',
368 silly addNameRange     '1.9.1',
368 silly addNameRange     '1.9.2' ] ]
369 verbose addNamed coffee-script@1.8.0
370 silly addNamed semver.valid 1.8.0
371 silly addNamed semver.validRange 1.8.0
372 http 304 https://registry.npmjs.org/eco
373 silly get cb [ 304,
373 silly get   { date: 'Sun, 10 May 2015 10:08:30 GMT',
373 silly get     via: '1.1 varnish',
373 silly get     'cache-control': 'max-age=60',
373 silly get     etag: '"3NXR7OMGMZ6ZXOSB3BZ54GR2T"',
373 silly get     age: '11',
373 silly get     connection: 'keep-alive',
373 silly get     'x-served-by': 'cache-ams4133-AMS',
373 silly get     'x-cache': 'HIT',
373 silly get     'x-cache-hits': '1',
373 silly get     'x-timer': 'S1431252510.898093,VS0,VE0',
373 silly get     vary: 'Accept' } ]
374 verbose etag https://registry.npmjs.org/eco from cache
375 verbose get saving eco to /Users/Rory/.npm/registry.npmjs.org/eco/.cache.json
376 http 304 https://registry.npmjs.org/cookie-sessions
377 silly get cb [ 304,
377 silly get   { date: 'Sun, 10 May 2015 10:08:30 GMT',
377 silly get     via: '1.1 varnish',
377 silly get     'cache-control': 'max-age=60',
377 silly get     etag: '"A12K9S252W23DEH0M1VUM797T"',
377 silly get     age: '11',
377 silly get     connection: 'keep-alive',
377 silly get     'x-served-by': 'cache-ams4127-AMS',
377 silly get     'x-cache': 'HIT',
377 silly get     'x-cache-hits': '1',
377 silly get     'x-timer': 'S1431252510.902046,VS0,VE0',
377 silly get     vary: 'Accept' } ]
378 verbose etag https://registry.npmjs.org/cookie-sessions from cache
379 verbose get saving cookie-sessions to /Users/Rory/.npm/registry.npmjs.org/cookie-sessions/.cache.json
380 silly cache afterAdd coffee-script@1.8.0
381 verbose afterAdd /Users/Rory/.npm/coffee-script/1.8.0/package/package.json not in flight; writing
382 silly addNameRange number 2 { name: 'eco', range: '>=1.1.0 <1.2.0', hasData: true }
383 silly addNameRange versions [ 'eco',
383 silly addNameRange   [ '1.0.0',
383 silly addNameRange     '1.0.1',
383 silly addNameRange     '1.0.2',
383 silly addNameRange     '1.0.3',
383 silly addNameRange     '1.1.0-rc-1',
383 silly addNameRange     '1.1.0-rc-2',
383 silly addNameRange     '1.1.0-rc-3' ] ]
384 http 304 https://registry.npmjs.org/optimist
385 silly get cb [ 304,
385 silly get   { date: 'Sun, 10 May 2015 10:08:30 GMT',
385 silly get     via: '1.1 varnish',
385 silly get     'cache-control': 'max-age=60',
385 silly get     etag: '"2063HZFLM126ZA9QQZY54Z4OC"',
385 silly get     age: '26',
385 silly get     connection: 'keep-alive',
385 silly get     'x-served-by': 'cache-ams4120-AMS',
385 silly get     'x-cache': 'HIT',
385 silly get     'x-cache-hits': '1',
385 silly get     'x-timer': 'S1431252510.906764,VS0,VE0',
385 silly get     vary: 'Accept' } ]
386 verbose etag https://registry.npmjs.org/optimist from cache
387 verbose get saving optimist to /Users/Rory/.npm/registry.npmjs.org/optimist/.cache.json
388 verbose afterAdd /Users/Rory/.npm/coffee-script/1.8.0/package/package.json written
389 silly cache afterAdd cookie-sessions@0.0.2
390 verbose afterAdd /Users/Rory/.npm/cookie-sessions/0.0.2/package/package.json not in flight; writing
391 http 304 https://registry.npmjs.org/natural
392 silly get cb [ 304,
392 silly get   { date: 'Sun, 10 May 2015 10:08:30 GMT',
392 silly get     via: '1.1 varnish',
392 silly get     'cache-control': 'max-age=60',
392 silly get     etag: '"DP295LKV64EUOMZB61LVGAAYD"',
392 silly get     age: '11',
392 silly get     connection: 'keep-alive',
392 silly get     'x-served-by': 'cache-ams4130-AMS',
392 silly get     'x-cache': 'HIT',
392 silly get     'x-cache-hits': '1',
392 silly get     'x-timer': 'S1431252510.908752,VS0,VE0',
392 silly get     vary: 'Accept' } ]
393 verbose etag https://registry.npmjs.org/natural from cache
394 verbose get saving natural to /Users/Rory/.npm/registry.npmjs.org/natural/.cache.json
395 silly addNameRange number 2 { name: 'optimist', range: '>=0.3.0 <0.4.0', hasData: true }
396 silly addNameRange versions [ 'optimist',
396 silly addNameRange   [ '0.0.1',
396 silly addNameRange     '0.0.2',
396 silly addNameRange     '0.0.4',
396 silly addNameRange     '0.0.5',
396 silly addNameRange     '0.0.6',
396 silly addNameRange     '0.0.7',
396 silly addNameRange     '0.1.0',
396 silly addNameRange     '0.1.1',
396 silly addNameRange     '0.1.2',
396 silly addNameRange     '0.1.3',
396 silly addNameRange     '0.1.4',
396 silly addNameRange     '0.1.5',
396 silly addNameRange     '0.1.6',
396 silly addNameRange     '0.1.7',
396 silly addNameRange     '0.1.8',
396 silly addNameRange     '0.1.9',
396 silly addNameRange     '0.0.3',
396 silly addNameRange     '0.2.0',
396 silly addNameRange     '0.2.1',
396 silly addNameRange     '0.2.2',
396 silly addNameRange     '0.2.3',
396 silly addNameRange     '0.2.4',
396 silly addNameRange     '0.2.5',
396 silly addNameRange     '0.2.6',
396 silly addNameRange     '0.2.7',
396 silly addNameRange     '0.2.8',
396 silly addNameRange     '0.3.0',
396 silly addNameRange     '0.3.1',
396 silly addNameRange     '0.3.3',
396 silly addNameRange     '0.3.4',
396 silly addNameRange     '0.3.5',
396 silly addNameRange     '0.3.6',
396 silly addNameRange     '0.3.7',
396 silly addNameRange     '0.4.0',
396 silly addNameRange     '0.5.0',
396 silly addNameRange     '0.5.1',
396 silly addNameRange     '0.5.2',
396 silly addNameRange     '0.6.0',
396 silly addNameRange     '0.6.1' ] ]
397 verbose addNamed optimist@0.3.7
398 silly addNamed semver.valid 0.3.7
399 silly addNamed semver.validRange 0.3.7
400 verbose afterAdd /Users/Rory/.npm/cookie-sessions/0.0.2/package/package.json written
401 http 304 https://registry.npmjs.org/chai
402 silly get cb [ 304,
402 silly get   { date: 'Sun, 10 May 2015 10:08:30 GMT',
402 silly get     via: '1.1 varnish',
402 silly get     'cache-control': 'max-age=60',
402 silly get     etag: '"5ZKEFYM6HR7EAL8PF5VR5LCYA"',
402 silly get     age: '26',
402 silly get     connection: 'keep-alive',
402 silly get     'x-served-by': 'cache-ams4147-AMS',
402 silly get     'x-cache': 'HIT',
402 silly get     'x-cache-hits': '1',
402 silly get     'x-timer': 'S1431252510.912757,VS0,VE0',
402 silly get     vary: 'Accept' } ]
403 verbose etag https://registry.npmjs.org/chai from cache
404 verbose get saving chai to /Users/Rory/.npm/registry.npmjs.org/chai/.cache.json
405 http 304 https://registry.npmjs.org/node.extend
406 silly get cb [ 304,
406 silly get   { date: 'Sun, 10 May 2015 10:08:30 GMT',
406 silly get     via: '1.1 varnish',
406 silly get     'cache-control': 'max-age=60',
406 silly get     etag: '"BPB11FTY2L0WO31XN9TZ358W5"',
406 silly get     age: '11',
406 silly get     connection: 'keep-alive',
406 silly get     'x-served-by': 'cache-ams4133-AMS',
406 silly get     'x-cache': 'HIT',
406 silly get     'x-cache-hits': '1',
406 silly get     'x-timer': 'S1431252510.916376,VS0,VE0',
406 silly get     vary: 'Accept' } ]
407 verbose etag https://registry.npmjs.org/node.extend from cache
408 verbose get saving node.extend to /Users/Rory/.npm/registry.npmjs.org/node.extend/.cache.json
409 http 304 https://registry.npmjs.org/mongodb
410 silly get cb [ 304,
410 silly get   { date: 'Sun, 10 May 2015 10:08:30 GMT',
410 silly get     via: '1.1 varnish',
410 silly get     'cache-control': 'max-age=60',
410 silly get     etag: '"BE4KHOMZNR6KBQVS0F0NXEWO1"',
410 silly get     age: '11',
410 silly get     connection: 'keep-alive',
410 silly get     'x-served-by': 'cache-ams4134-AMS',
410 silly get     'x-cache': 'HIT',
410 silly get     'x-cache-hits': '1',
410 silly get     'x-timer': 'S1431252510.919749,VS0,VE2',
410 silly get     vary: 'Accept' } ]
411 verbose etag https://registry.npmjs.org/mongodb from cache
412 verbose get saving mongodb to /Users/Rory/.npm/registry.npmjs.org/mongodb/.cache.json
413 http 304 https://registry.npmjs.org/underscore
414 silly get cb [ 304,
414 silly get   { date: 'Sun, 10 May 2015 10:08:30 GMT',
414 silly get     via: '1.1 varnish',
414 silly get     'cache-control': 'max-age=60',
414 silly get     etag: '"8SXMDGGWIHHGAS6XTKZQDB565"',
414 silly get     age: '56',
414 silly get     connection: 'keep-alive',
414 silly get     'x-served-by': 'cache-ams4134-AMS',
414 silly get     'x-cache': 'HIT',
414 silly get     'x-cache-hits': '1',
414 silly get     'x-timer': 'S1431252510.923456,VS0,VE0',
414 silly get     vary: 'Accept' } ]
415 verbose etag https://registry.npmjs.org/underscore from cache
416 verbose get saving underscore to /Users/Rory/.npm/registry.npmjs.org/underscore/.cache.json
417 http 304 https://registry.npmjs.org/underscore.string
418 silly get cb [ 304,
418 silly get   { date: 'Sun, 10 May 2015 10:08:30 GMT',
418 silly get     via: '1.1 varnish',
418 silly get     'cache-control': 'max-age=60',
418 silly get     etag: '"EUR2XPGZX64EHU0KFCNIFQUCI"',
418 silly get     age: '11',
418 silly get     connection: 'keep-alive',
418 silly get     'x-served-by': 'cache-ams4120-AMS',
418 silly get     'x-cache': 'HIT',
418 silly get     'x-cache-hits': '1',
418 silly get     'x-timer': 'S1431252510.928944,VS0,VE0',
418 silly get     vary: 'Accept' } ]
419 verbose etag https://registry.npmjs.org/underscore.string from cache
420 verbose get saving underscore.string to /Users/Rory/.npm/registry.npmjs.org/underscore.string/.cache.json
421 silly addNameRange number 2 { name: 'natural', range: '>=0.1.0 <0.2.0', hasData: true }
422 silly addNameRange versions [ 'natural',
422 silly addNameRange   [ '0.0.54',
422 silly addNameRange     '0.0.27',
422 silly addNameRange     '0.0.55',
422 silly addNameRange     '0.0.56',
422 silly addNameRange     '0.0.57',
422 silly addNameRange     '0.0.58',
422 silly addNameRange     '0.0.60',
422 silly addNameRange     '0.0.61',
422 silly addNameRange     '0.0.62',
422 silly addNameRange     '0.0.63',
422 silly addNameRange     '0.0.64',
422 silly addNameRange     '0.0.65',
422 silly addNameRange     '0.0.66',
422 silly addNameRange     '0.0.67',
422 silly addNameRange     '0.0.68',
422 silly addNameRange     '0.0.69',
422 silly addNameRange     '0.1.0',
422 silly addNameRange     '0.1.1',
422 silly addNameRange     '0.1.2',
422 silly addNameRange     '0.1.3',
422 silly addNameRange     '0.1.4',
422 silly addNameRange     '0.1.5',
422 silly addNameRange     '0.1.6',
422 silly addNameRange     '0.1.7',
422 silly addNameRange     '0.1.8',
422 silly addNameRange     '0.1.9',
422 silly addNameRange     '0.1.10',
422 silly addNameRange     '0.1.11',
422 silly addNameRange     '0.1.12',
422 silly addNameRange     '0.1.13',
422 silly addNameRange     '0.1.14',
422 silly addNameRange     '0.1.15',
422 silly addNameRange     '0.1.16',
422 silly addNameRange     '0.1.17',
422 silly addNameRange     '0.1.18',
422 silly addNameRange     '0.1.19',
422 silly addNameRange     '0.1.20',
422 silly addNameRange     '0.1.21',
422 silly addNameRange     '0.1.22',
422 silly addNameRange     '0.1.23',
422 silly addNameRange     '0.1.24',
422 silly addNameRange     '0.1.25',
422 silly addNameRange     '0.1.26',
422 silly addNameRange     '0.1.27',
422 silly addNameRange     '0.1.28',
422 silly addNameRange     '0.1.29',
422 silly addNameRange     '0.2.0',
422 silly addNameRange     '0.2.1' ] ]
423 verbose addNamed natural@0.1.29
424 silly addNamed semver.valid 0.1.29
425 silly addNamed semver.validRange 0.1.29
426 http 304 https://registry.npmjs.org/synchronize
427 silly get cb [ 304,
427 silly get   { date: 'Sun, 10 May 2015 10:08:30 GMT',
427 silly get     via: '1.1 varnish',
427 silly get     'cache-control': 'max-age=60',
427 silly get     etag: '"15DFJ5XWSHZ2383HXH3QYE2LB"',
427 silly get     age: '11',
427 silly get     connection: 'keep-alive',
427 silly get     'x-served-by': 'cache-ams4129-AMS',
427 silly get     'x-cache': 'HIT',
427 silly get     'x-cache-hits': '1',
427 silly get     'x-timer': 'S1431252510.931182,VS0,VE0',
427 silly get     vary: 'Accept' } ]
428 verbose etag https://registry.npmjs.org/synchronize from cache
429 verbose get saving synchronize to /Users/Rory/.npm/registry.npmjs.org/synchronize/.cache.json
430 silly cache afterAdd optimist@0.3.7
431 verbose afterAdd /Users/Rory/.npm/optimist/0.3.7/package/package.json not in flight; writing
432 http 304 https://registry.npmjs.org/hogan.js
433 silly get cb [ 304,
433 silly get   { date: 'Sun, 10 May 2015 10:08:30 GMT',
433 silly get     via: '1.1 varnish',
433 silly get     'cache-control': 'max-age=60',
433 silly get     etag: '"XXKFBQZSA1DDAK837JLPNRK8"',
433 silly get     age: '18',
433 silly get     connection: 'keep-alive',
433 silly get     'x-served-by': 'cache-ams4143-AMS',
433 silly get     'x-cache': 'HIT',
433 silly get     'x-cache-hits': '1',
433 silly get     'x-timer': 'S1431252510.935121,VS0,VE0',
433 silly get     vary: 'Accept' } ]
434 verbose etag https://registry.npmjs.org/hogan.js from cache
435 verbose get saving hogan.js to /Users/Rory/.npm/registry.npmjs.org/hogan.js/.cache.json
436 http 304 https://registry.npmjs.org/micon
437 silly get cb [ 304,
437 silly get   { date: 'Sun, 10 May 2015 10:08:30 GMT',
437 silly get     via: '1.1 varnish',
437 silly get     'cache-control': 'max-age=60',
437 silly get     etag: '"5GIK9U88MGK6NZH5JE3Q13LM1"',
437 silly get     age: '11',
437 silly get     connection: 'keep-alive',
437 silly get     'x-served-by': 'cache-ams4122-AMS',
437 silly get     'x-cache': 'HIT',
437 silly get     'x-cache-hits': '1',
437 silly get     'x-timer': 'S1431252510.939266,VS0,VE0',
437 silly get     vary: 'Accept' } ]
438 verbose etag https://registry.npmjs.org/micon from cache
439 verbose get saving micon to /Users/Rory/.npm/registry.npmjs.org/micon/.cache.json
440 http 304 https://registry.npmjs.org/micromodel
441 silly get cb [ 304,
441 silly get   { date: 'Sun, 10 May 2015 10:08:30 GMT',
441 silly get     via: '1.1 varnish',
441 silly get     'cache-control': 'max-age=60',
441 silly get     etag: '"4HPNX4PI2CVN8OGKYSYCU8JVE"',
441 silly get     age: '11',
441 silly get     connection: 'keep-alive',
441 silly get     'x-served-by': 'cache-ams4121-AMS',
441 silly get     'x-cache': 'HIT',
441 silly get     'x-cache-hits': '1',
441 silly get     'x-timer': 'S1431252510.942333,VS0,VE0',
441 silly get     vary: 'Accept' } ]
442 verbose etag https://registry.npmjs.org/micromodel from cache
443 verbose get saving micromodel to /Users/Rory/.npm/registry.npmjs.org/micromodel/.cache.json
444 http 304 https://registry.npmjs.org/express
445 silly get cb [ 304,
445 silly get   { date: 'Sun, 10 May 2015 10:08:30 GMT',
445 silly get     via: '1.1 varnish',
445 silly get     'cache-control': 'max-age=60',
445 silly get     etag: '"8DSP5M0PY0JCUE1VSPFFP4PDG"',
445 silly get     age: '30',
445 silly get     connection: 'keep-alive',
445 silly get     'x-served-by': 'cache-ams4140-AMS',
445 silly get     'x-cache': 'HIT',
445 silly get     'x-cache-hits': '1',
445 silly get     'x-timer': 'S1431252510.948135,VS0,VE2',
445 silly get     vary: 'Accept' } ]
446 verbose etag https://registry.npmjs.org/express from cache
447 verbose get saving express to /Users/Rory/.npm/registry.npmjs.org/express/.cache.json
448 silly addNameRange number 2 { name: 'chai', range: '>=1.3.0 <1.4.0', hasData: true }
449 silly addNameRange versions [ 'chai',
449 silly addNameRange   [ '0.0.1',
449 silly addNameRange     '0.0.2',
449 silly addNameRange     '0.1.0',
449 silly addNameRange     '0.1.1',
449 silly addNameRange     '0.1.2',
449 silly addNameRange     '0.1.3',
449 silly addNameRange     '0.1.4',
449 silly addNameRange     '0.1.5',
449 silly addNameRange     '0.1.6',
449 silly addNameRange     '0.1.7',
449 silly addNameRange     '0.2.0',
449 silly addNameRange     '0.2.1',
449 silly addNameRange     '0.2.2',
449 silly addNameRange     '0.2.3',
449 silly addNameRange     '0.2.4',
449 silly addNameRange     '0.3.0',
449 silly addNameRange     '0.3.1',
449 silly addNameRange     '0.3.2',
449 silly addNameRange     '0.3.3',
449 silly addNameRange     '0.3.4',
449 silly addNameRange     '0.4.0',
449 silly addNameRange     '0.4.1',
449 silly addNameRange     '0.4.2',
449 silly addNameRange     '0.5.0',
449 silly addNameRange     '0.5.1',
449 silly addNameRange     '0.5.2',
449 silly addNameRange     '0.5.3',
449 silly addNameRange     '1.0.0',
449 silly addNameRange     '1.0.1',
449 silly addNameRange     '1.0.2',
449 silly addNameRange     '1.0.3',
449 silly addNameRange     '1.0.4',
449 silly addNameRange     '1.1.0',
449 silly addNameRange     '1.1.1',
449 silly addNameRange     '1.2.0',
449 silly addNameRange     '1.3.0',
449 silly addNameRange     '1.4.0',
449 silly addNameRange     '1.4.1',
449 silly addNameRange     '1.4.2',
449 silly addNameRange     '1.5.0',
449 silly addNameRange     '1.6.0',
449 silly addNameRange     '1.6.1',
449 silly addNameRange     '1.7.0',
449 silly addNameRange     '1.7.1',
449 silly addNameRange     '1.7.2',
449 silly addNameRange     '1.8.0',
449 silly addNameRange     '1.8.1',
449 silly addNameRange     '1.9.0',
449 silly addNameRange     '1.9.1',
449 silly addNameRange     '1.9.2',
449 silly addNameRange     '1.10.0',
449 silly addNameRange     '2.0.0',
449 silly addNameRange     '2.1.0',
449 silly addNameRange     '2.1.1',
449 silly addNameRange     '2.1.2',
449 silly addNameRange     '2.2.0',
449 silly addNameRange     '2.3.0' ] ]
450 verbose addNamed chai@1.3.0
451 silly addNamed semver.valid 1.3.0
452 silly addNamed semver.validRange 1.3.0
453 silly addNameRange number 2 { name: 'node.extend', range: '>=1.0.0 <1.1.0', hasData: true }
454 silly addNameRange versions [ 'node.extend',
454 silly addNameRange   [ '0.0.1',
454 silly addNameRange     '1.0.0',
454 silly addNameRange     '1.0.1',
454 silly addNameRange     '1.0.2',
454 silly addNameRange     '1.0.3',
454 silly addNameRange     '1.0.4',
454 silly addNameRange     '1.0.5',
454 silly addNameRange     '1.0.6',
454 silly addNameRange     '1.0.7',
454 silly addNameRange     '1.0.8',
454 silly addNameRange     '1.0.9',
454 silly addNameRange     '1.0.10',
454 silly addNameRange     '1.1.0',
454 silly addNameRange     '1.1.1',
454 silly addNameRange     '1.1.2',
454 silly addNameRange     '1.1.3' ] ]
455 verbose addNamed node.extend@1.0.10
456 silly addNamed semver.valid 1.0.10
457 silly addNamed semver.validRange 1.0.10
458 silly cache afterAdd natural@0.1.29
459 verbose afterAdd /Users/Rory/.npm/natural/0.1.29/package/package.json not in flight; writing
460 silly addNameRange number 2 { name: 'mongodb', range: '>=1.4.0 <1.5.0', hasData: true }
461 silly addNameRange versions [ 'mongodb',
461 silly addNameRange   [ '0.9.4',
461 silly addNameRange     '0.9.4-4',
461 silly addNameRange     '0.9.3',
461 silly addNameRange     '0.9.1',
461 silly addNameRange     '0.9.2',
461 silly addNameRange     '0.9.6-7',
461 silly addNameRange     '0.9.6-8',
461 silly addNameRange     '0.9.6-9',
461 silly addNameRange     '0.9.6-10',
461 silly addNameRange     '0.9.6-11',
461 silly addNameRange     '0.9.6-12',
461 silly addNameRange     '0.9.6-13',
461 silly addNameRange     '0.9.6-14',
461 silly addNameRange     '0.9.6-15',
461 silly addNameRange     '0.9.6-16',
461 silly addNameRange     '0.9.6-17',
461 silly addNameRange     '0.9.6-18',
461 silly addNameRange     '0.9.6-19',
461 silly addNameRange     '0.9.6-20',
461 silly addNameRange     '0.9.6-21',
461 silly addNameRange     '0.9.6-22',
461 silly addNameRange     '0.9.6-23',
461 silly addNameRange     '0.9.7',
461 silly addNameRange     '0.9.7-0',
461 silly addNameRange     '0.9.7-1',
461 silly addNameRange     '0.9.7-1.1',
461 silly addNameRange     '0.9.7-1.2',
461 silly addNameRange     '0.9.7-1.3',
461 silly addNameRange     '0.9.7-1.4',
461 silly addNameRange     '0.9.7-2',
461 silly addNameRange     '0.9.7-2-1',
461 silly addNameRange     '0.9.7-2-2',
461 silly addNameRange     '0.9.7-2-3',
461 silly addNameRange     '0.9.7-2-4',
461 silly addNameRange     '0.9.7-2-5',
461 silly addNameRange     '0.9.7-3',
461 silly addNameRange     '0.9.7-3-1',
461 silly addNameRange     '0.9.7-3-2',
461 silly addNameRange     '0.9.7-3-3',
461 silly addNameRange     '0.9.7-3-4',
461 silly addNameRange     '0.9.7-3-5',
461 silly addNameRange     '0.9.8',
461 silly addNameRange     '0.9.8-1',
461 silly addNameRange     '0.9.8-2',
461 silly addNameRange     '0.9.8-3',
461 silly addNameRange     '0.9.8-4',
461 silly addNameRange     '0.9.8-5',
461 silly addNameRange     '0.9.8-6',
461 silly addNameRange     '0.9.8-7',
461 silly addNameRange     '0.9.9',
461 silly addNameRange     '0.9.9-1',
461 silly addNameRange     '0.9.9-2',
461 silly addNameRange     '0.9.9-3',
461 silly addNameRange     '0.9.9-4',
461 silly addNameRange     '0.9.9-5',
461 silly addNameRange     '0.9.9-6',
461 silly addNameRange     '0.9.9-7',
461 silly addNameRange     '0.9.9-8',
461 silly addNameRange     '1.0.0',
461 silly addNameRange     '1.0.1',
461 silly addNameRange     '1.0.2',
461 silly addNameRange     '1.1.0-beta',
461 silly addNameRange     '1.1.0',
461 silly addNameRange     '1.1.1',
461 silly addNameRange     '1.1.2',
461 silly addNameRange     '1.1.3',
461 silly addNameRange     '1.1.4',
461 silly addNameRange     '1.1.5',
461 silly addNameRange     '1.1.6',
461 silly addNameRange     '1.1.7',
461 silly addNameRange     '1.1.8',
461 silly addNameRange     '1.1.9',
461 silly addNameRange     '1.1.10',
461 silly addNameRange     '1.1.11',
461 silly addNameRange     '1.2.0',
461 silly addNameRange     '1.2.1',
461 silly addNameRange     '1.2.2',
461 silly addNameRange     '1.2.3',
461 silly addNameRange     '1.2.4',
461 silly addNameRange     '1.2.5',
461 silly addNameRange     '1.2.6',
461 silly addNameRange     '1.2.7',
461 silly addNameRange     '1.2.8',
461 silly addNameRange     '1.2.9',
461 silly addNameRange     '1.2.10',
461 silly addNameRange     '1.2.11',
461 silly addNameRange     '1.2.12',
461 silly addNameRange     '1.2.13',
461 silly addNameRange     '1.2.14',
461 silly addNameRange     '1.3.0',
461 silly addNameRange     '1.3.1',
461 silly addNameRange     '1.3.2',
461 silly addNameRange     '1.3.3',
461 silly addNameRange     '1.3.4',
461 silly addNameRange     '1.3.5',
461 silly addNameRange     '1.3.6',
461 silly addNameRange     '1.3.7',
461 silly addNameRange     '1.3.8',
461 silly addNameRange     '1.3.9',
461 silly addNameRange     '1.3.10',
461 silly addNameRange     '1.3.11',
461 silly addNameRange     '1.3.12',
461 silly addNameRange     '1.3.14',
461 silly addNameRange     '1.3.15',
461 silly addNameRange     '1.3.17',
461 silly addNameRange     '1.3.18',
461 silly addNameRange     '1.3.19',
461 silly addNameRange     '1.4.0-rc2',
461 silly addNameRange     '1.3.20',
461 silly addNameRange     '1.4.0-rc3',
461 silly addNameRange     '1.3.21',
461 silly addNameRange     '1.3.22',
461 silly addNameRange     '1.3.23',
461 silly addNameRange     '1.4.0-rc4',
461 silly addNameRange     '1.4.0-rc5',
461 silly addNameRange     '1.4.0-rc6',
461 silly addNameRange     '1.4.0-rc7',
461 silly addNameRange     '1.4.0-rc8',
461 silly addNameRange     '1.4.0-rc9',
461 silly addNameRange     '1.4.0-rc10',
461 silly addNameRange     '1.4.0',
461 silly addNameRange     '1.4.1',
461 silly addNameRange     '1.4.2',
461 silly addNameRange     '1.4.3',
461 silly addNameRange     '1.4.4',
461 silly addNameRange     '1.4.5',
461 silly addNameRange     '1.4.6',
461 silly addNameRange     '1.4.7',
461 silly addNameRange     '1.4.8',
461 silly addNameRange     '1.4.9',
461 silly addNameRange     '1.4.10',
461 silly addNameRange     '2.0.0-alpha1',
461 silly addNameRange     '1.4.11',
461 silly addNameRange     '1.4.12',
461 silly addNameRange     '1.4.14',
461 silly addNameRange     '1.4.15',
461 silly addNameRange     '1.4.16',
461 silly addNameRange     '1.4.17',
461 silly addNameRange     '2.0.0-alpha2',
461 silly addNameRange     '1.4.18',
461 silly addNameRange     '2.0.0',
461 silly addNameRange     '2.0.1',
461 silly addNameRange     '2.0.2',
461 silly addNameRange     '1.4.19',
461 silly addNameRange     '2.0.3',
461 silly addNameRange     '2.0.4',
461 silly addNameRange     '2.0.5',
461 silly addNameRange     '2.0.6',
461 silly addNameRange     '1.4.20',
461 silly addNameRange     '1.4.22',
461 silly addNameRange     '2.0.7',
461 silly addNameRange     '2.0.8',
461 silly addNameRange     '2.0.9',
461 silly addNameRange     '1.4.23',
461 silly addNameRange     '2.0.10',
461 silly addNameRange     '1.4.24',
461 silly addNameRange     '2.0.11',
461 silly addNameRange     '1.4.25',
461 silly addNameRange     '2.0.12',
461 silly addNameRange     '1.4.26',
461 silly addNameRange     '1.4.27',
461 silly addNameRange     '1.4.28',
461 silly addNameRange     '2.0.13',
461 silly addNameRange     '2.0.14',
461 silly addNameRange     '1.4.29',
461 silly addNameRange     '2.0.15',
461 silly addNameRange     '1.4.30',
461 silly addNameRange     '2.0.16',
461 silly addNameRange     '1.4.31',
461 silly addNameRange     '2.0.17',
461 silly addNameRange     '1.4.32',
461 silly addNameRange     '2.0.18',
461 silly addNameRange     '2.0.19',
461 silly addNameRange     '1.4.33',
461 silly addNameRange     '2.0.20',
461 silly addNameRange     '2.0.21',
461 silly addNameRange     '1.4.34',
461 silly addNameRange     '2.0.22',
461 silly addNameRange     '2.0.23',
461 silly addNameRange     '1.4.35',
461 silly addNameRange     '2.0.24',
461 silly addNameRange     '2.0.25',
461 silly addNameRange     '2.0.26',
461 silly addNameRange     '2.0.27',
461 silly addNameRange     '2.0.28',
461 silly addNameRange     '2.0.29',
461 silly addNameRange     '1.4.36',
461 silly addNameRange     '2.0.30',
461 silly addNameRange     '1.4.37',
461 silly addNameRange     '2.0.31' ] ]
462 verbose addNamed mongodb@1.4.37
463 silly addNamed semver.valid 1.4.37
464 silly addNamed semver.validRange 1.4.37
465 silly addNameRange number 2 { name: 'underscore', range: '>=1.7.0 <1.8.0', hasData: true }
466 silly addNameRange versions [ 'underscore',
466 silly addNameRange   [ '1.0.3',
466 silly addNameRange     '1.0.4',
466 silly addNameRange     '1.1.0',
466 silly addNameRange     '1.1.1',
466 silly addNameRange     '1.1.2',
466 silly addNameRange     '1.1.3',
466 silly addNameRange     '1.1.4',
466 silly addNameRange     '1.1.5',
466 silly addNameRange     '1.1.6',
466 silly addNameRange     '1.1.7',
466 silly addNameRange     '1.2.0',
466 silly addNameRange     '1.2.1',
466 silly addNameRange     '1.2.2',
466 silly addNameRange     '1.2.3',
466 silly addNameRange     '1.2.4',
466 silly addNameRange     '1.3.0',
466 silly addNameRange     '1.3.1',
466 silly addNameRange     '1.3.2',
466 silly addNameRange     '1.3.3',
466 silly addNameRange     '1.4.0',
466 silly addNameRange     '1.4.1',
466 silly addNameRange     '1.4.2',
466 silly addNameRange     '1.4.3',
466 silly addNameRange     '1.4.4',
466 silly addNameRange     '1.5.0',
466 silly addNameRange     '1.5.1',
466 silly addNameRange     '1.5.2',
466 silly addNameRange     '1.6.0',
466 silly addNameRange     '1.7.0',
466 silly addNameRange     '1.8.0',
466 silly addNameRange     '1.8.1',
466 silly addNameRange     '1.8.2',
466 silly addNameRange     '1.8.3' ] ]
467 verbose addNamed underscore@1.7.0
468 silly addNamed semver.valid 1.7.0
469 silly addNamed semver.validRange 1.7.0
470 verbose afterAdd /Users/Rory/.npm/optimist/0.3.7/package/package.json written
471 silly addNameRange number 2 { name: 'underscore.string',
471 silly addNameRange   range: '>=3.0.0 <3.1.0',
471 silly addNameRange   hasData: true }
472 silly addNameRange versions [ 'underscore.string',
472 silly addNameRange   [ '0.9.2',
472 silly addNameRange     '1.0.0',
472 silly addNameRange     '1.1.3',
472 silly addNameRange     '1.1.4',
472 silly addNameRange     '1.1.5',
472 silly addNameRange     '1.1.6',
472 silly addNameRange     '2.0.0',
472 silly addNameRange     '2.1.0',
472 silly addNameRange     '2.1.1',
472 silly addNameRange     '2.3.0',
472 silly addNameRange     '2.3.1',
472 silly addNameRange     '2.3.2',
472 silly addNameRange     '2.2.1',
472 silly addNameRange     '2.2.0-rc',
472 silly addNameRange     '2.3.3',
472 silly addNameRange     '2.4.0',
472 silly addNameRange     '3.0.0',
472 silly addNameRange     '3.0.1',
472 silly addNameRange     '3.0.2',
472 silly addNameRange     '3.0.3' ] ]
473 verbose addNamed underscore.string@3.0.3
474 silly addNamed semver.valid 3.0.3
475 silly addNamed semver.validRange 3.0.3
476 silly addNameRange number 2 { name: 'synchronize', range: '>=0.9.0 <0.10.0', hasData: true }
477 silly addNameRange versions [ 'synchronize',
477 silly addNameRange   [ '0.1.0',
477 silly addNameRange     '0.1.1',
477 silly addNameRange     '0.1.2',
477 silly addNameRange     '0.1.3',
477 silly addNameRange     '0.1.4',
477 silly addNameRange     '0.1.5',
477 silly addNameRange     '0.3.0',
477 silly addNameRange     '0.5.0',
477 silly addNameRange     '0.5.1',
477 silly addNameRange     '0.5.2',
477 silly addNameRange     '0.5.3',
477 silly addNameRange     '0.6.0',
477 silly addNameRange     '0.6.1',
477 silly addNameRange     '0.5.4',
477 silly addNameRange     '0.7.0',
477 silly addNameRange     '0.8.0',
477 silly addNameRange     '0.9.0',
477 silly addNameRange     '0.9.1',
477 silly addNameRange     '0.9.3',
477 silly addNameRange     '0.9.4',
477 silly addNameRange     '0.9.5',
477 silly addNameRange     '0.9.6',
477 silly addNameRange     '0.9.7',
477 silly addNameRange     '0.9.8',
477 silly addNameRange     '0.9.9',
477 silly addNameRange     '0.9.10' ] ]
478 verbose addNamed synchronize@0.9.10
479 silly addNamed semver.valid 0.9.10
480 silly addNamed semver.validRange 0.9.10
481 silly cache afterAdd chai@1.3.0
482 verbose afterAdd /Users/Rory/.npm/chai/1.3.0/package/package.json not in flight; writing
483 silly addNameRange number 2 { name: 'micon', range: '>=1.0.0 <2.0.0', hasData: true }
484 silly addNameRange versions [ 'micon',
484 silly addNameRange   [ '1.0.0',
484 silly addNameRange     '1.1.0',
484 silly addNameRange     '1.2.0',
484 silly addNameRange     '1.2.1',
484 silly addNameRange     '1.2.2',
484 silly addNameRange     '1.2.3',
484 silly addNameRange     '1.2.4',
484 silly addNameRange     '1.2.5',
484 silly addNameRange     '1.2.6',
484 silly addNameRange     '1.2.7' ] ]
485 verbose addNamed micon@1.2.7
486 silly addNamed semver.valid 1.2.7
487 silly addNamed semver.validRange 1.2.7
488 silly addNameRange number 2 { name: 'micromodel', range: '>=2.2.0 <2.3.0', hasData: true }
489 silly addNameRange versions [ 'micromodel',
489 silly addNameRange   [ '0.1.2',
489 silly addNameRange     '0.1.3',
489 silly addNameRange     '0.2.0',
489 silly addNameRange     '2.0.0',
489 silly addNameRange     '2.0.1',
489 silly addNameRange     '2.0.2',
489 silly addNameRange     '2.1.0',
489 silly addNameRange     '2.1.1',
489 silly addNameRange     '2.2.0',
489 silly addNameRange     '2.2.1' ] ]
490 verbose addNamed micromodel@2.2.1
491 silly addNamed semver.valid 2.2.1
492 silly addNamed semver.validRange 2.2.1
493 silly cache afterAdd node.extend@1.0.10
494 verbose afterAdd /Users/Rory/.npm/node.extend/1.0.10/package/package.json not in flight; writing
495 verbose afterAdd /Users/Rory/.npm/natural/0.1.29/package/package.json written
496 silly cache afterAdd mongodb@1.4.37
497 verbose afterAdd /Users/Rory/.npm/mongodb/1.4.37/package/package.json not in flight; writing
498 silly cache afterAdd underscore@1.7.0
499 verbose afterAdd /Users/Rory/.npm/underscore/1.7.0/package/package.json not in flight; writing
500 silly cache afterAdd underscore.string@3.0.3
501 verbose afterAdd /Users/Rory/.npm/underscore.string/3.0.3/package/package.json not in flight; writing
502 silly cache afterAdd synchronize@0.9.10
503 verbose afterAdd /Users/Rory/.npm/synchronize/0.9.10/package/package.json not in flight; writing
504 verbose afterAdd /Users/Rory/.npm/chai/1.3.0/package/package.json written
505 silly cache afterAdd micon@1.2.7
506 verbose afterAdd /Users/Rory/.npm/micon/1.2.7/package/package.json not in flight; writing
507 verbose afterAdd /Users/Rory/.npm/node.extend/1.0.10/package/package.json written
508 silly cache afterAdd micromodel@2.2.1
509 verbose afterAdd /Users/Rory/.npm/micromodel/2.2.1/package/package.json not in flight; writing
510 silly cache afterAdd hogan.js@2.0.0
511 verbose afterAdd /Users/Rory/.npm/hogan.js/2.0.0/package/package.json not in flight; writing
512 silly cache afterAdd express@3.4.0
513 verbose afterAdd /Users/Rory/.npm/express/3.4.0/package/package.json not in flight; writing
514 verbose afterAdd /Users/Rory/.npm/mongodb/1.4.37/package/package.json written
515 verbose afterAdd /Users/Rory/.npm/underscore/1.7.0/package/package.json written
516 verbose afterAdd /Users/Rory/.npm/underscore.string/3.0.3/package/package.json written
517 verbose afterAdd /Users/Rory/.npm/synchronize/0.9.10/package/package.json written
518 verbose afterAdd /Users/Rory/.npm/micon/1.2.7/package/package.json written
519 verbose afterAdd /Users/Rory/.npm/micromodel/2.2.1/package/package.json written
520 verbose afterAdd /Users/Rory/.npm/hogan.js/2.0.0/package/package.json written
521 verbose afterAdd /Users/Rory/.npm/express/3.4.0/package/package.json written
522 verbose about to build /usr/local/lib/node_modules/mono
523 verbose unlock done using /Users/Rory/.npm/_locks/mono-f80bdc9580702759.lock for /usr/local/lib/node_modules/mono
524 verbose stack Error: No compatible version found: eco@'>=1.1.0 <1.2.0'
524 verbose stack Valid install targets:
524 verbose stack ["1.0.0","1.0.1","1.0.2","1.0.3","1.1.0-rc-1","1.1.0-rc-2","1.1.0-rc-3"]
524 verbose stack
524 verbose stack     at installTargetsError (/usr/local/lib/node_modules/npm/lib/cache/add-named.js:259:12)
524 verbose stack     at next (/usr/local/lib/node_modules/npm/lib/cache/add-named.js:238:17)
524 verbose stack     at setData (/usr/local/lib/node_modules/npm/lib/cache/add-named.js:215:5)
524 verbose stack     at RES (/usr/local/lib/node_modules/npm/node_modules/inflight/inflight.js:23:14)
524 verbose stack     at f (/usr/local/lib/node_modules/npm/node_modules/once/once.js:17:25)
524 verbose stack     at saved (/usr/local/lib/node_modules/npm/lib/cache/caching-client.js:173:7)
524 verbose stack     at FSReqWrap.oncomplete (fs.js:99:15)
525 verbose cwd /Users/Rory/Documents/Github/CS-fundamentals
526 error Darwin 14.3.0
527 error argv "node" "/usr/local/bin/npm" "install" "-g" "mono"
528 error node v0.12.0
529 error npm  v2.5.1
530 error code ETARGET
531 error notarget No compatible version found: eco@'>=1.1.0 <1.2.0'
531 error notarget Valid install targets:
531 error notarget ["1.0.0","1.0.1","1.0.2","1.0.3","1.1.0-rc-1","1.1.0-rc-2","1.1.0-rc-3"]
531 error notarget
531 error notarget This is most likely not a problem with npm itself.
531 error notarget In most cases you or one of your dependencies are requesting
531 error notarget a package version that doesn't exist.
532 verbose exit [ 1, true ]
533 verbose unbuild lib/node_modules/mono
534 info preuninstall mono@1.3.11
535 info uninstall mono@1.3.11
536 verbose unbuild rmStuff mono@1.3.11 from /usr/local/lib/node_modules
537 info postuninstall mono@1.3.11
538 verbose gentlyRm vacuuming /usr/local/lib/node_modules/mono
539 silly gentlyRm purging /usr/local/lib/node_modules/mono
540 silly gentlyRm quitting because other entries in /usr/local/lib/node_modules
